2018-09-28 15:29:55,151 【WARN】 (TestController.java:54)- warn log....
2018-09-28 15:31:02,099 【INFO】 (StartupInfoLogger.java:50)- Starting SpringbootdemoApplication on DESKTOP-84E43K7 with PID 4936 (D:\workspaces\springbootdemo\target\classes started by admin in D:\workspaces\springbootdemo)
2018-09-28 15:31:02,109 【DEBUG】 (StartupInfoLogger.java:53)- Running with Spring Boot v2.0.5.RELEASE, Spring v5.0.9.RELEASE
2018-09-28 15:31:02,109 【INFO】 (SpringApplication.java:680)- No active profile set, falling back to default profiles: default
2018-09-28 15:31:04,645 【INFO】 (StartupInfoLogger.java:59)- Started SpringbootdemoApplication in 3.037 seconds (JVM running for 3.871)
2018-09-28 15:31:21,045 【DEBUG】 (TestController.java:51)- debug log....
2018-09-28 15:31:21,047 【ERROR】 (TestController.java:52)- error log....
2018-09-28 15:31:21,047 【INFO】 (TestController.java:53)- info log....
2018-09-28 15:31:21,047 【WARN】 (TestController.java:54)- warn log....
2018-09-28 15:31:21,308 【DEBUG】 (TestController.java:51)- debug log....
2018-09-28 15:31:21,309 【ERROR】 (TestController.java:52)- error log....
2018-09-28 15:31:21,309 【INFO】 (TestController.java:53)- info log....
2018-09-28 15:31:21,310 【WARN】 (TestController.java:54)- warn log....
2018-09-28 15:31:21,483 【DEBUG】 (TestController.java:51)- debug log....
2018-09-28 15:31:21,483 【ERROR】 (TestController.java:52)- error log....
2018-09-28 15:31:21,484 【INFO】 (TestController.java:53)- info log....
2018-09-28 15:31:21,484 【WARN】 (TestController.java:54)- warn log....
2018-09-28 15:31:21,659 【DEBUG】 (TestController.java:51)- debug log....
2018-09-28 15:31:21,660 【ERROR】 (TestController.java:52)- error log....
2018-09-28 15:31:21,660 【INFO】 (TestController.java:53)- info log....
2018-09-28 15:31:21,660 【WARN】 (TestController.java:54)- warn log....
2018-09-28 15:31:21,818 【DEBUG】 (TestController.java:51)- debug log....
2018-09-28 15:31:21,818 【ERROR】 (TestController.java:52)- error log....
2018-09-28 15:31:21,818 【INFO】 (TestController.java:53)- info log....
2018-09-28 15:31:21,818 【WARN】 (TestController.java:54)- warn log....
2018-09-28 15:31:21,988 【DEBUG】 (TestController.java:51)- debug log....
2018-09-28 15:31:21,989 【ERROR】 (TestController.java:52)- error log....
2018-09-28 15:31:21,989 【INFO】 (TestController.java:53)- info log....
2018-09-28 15:31:21,989 【WARN】 (TestController.java:54)- warn log....
2018-09-28 15:31:22,171 【DEBUG】 (TestController.java:51)- debug log....
2018-09-28 15:31:22,171 【ERROR】 (TestController.java:52)- error log....
2018-09-28 15:31:22,172 【INFO】 (TestController.java:53)- info log....
2018-09-28 15:31:22,172 【WARN】 (TestController.java:54)- warn log....
2018-09-28 15:31:22,353 【DEBUG】 (TestController.java:51)- debug log....
2018-09-28 15:31:22,354 【ERROR】 (TestController.java:52)- error log....
2018-09-28 15:31:22,354 【INFO】 (TestController.java:53)- info log....
2018-09-28 15:31:22,355 【WARN】 (TestController.java:54)- warn log....
2018-09-28 15:31:22,533 【DEBUG】 (TestController.java:51)- debug log....
2018-09-28 15:31:22,533 【ERROR】 (TestController.java:52)- error log....
2018-09-28 15:31:22,533 【INFO】 (TestController.java:53)- info log....
2018-09-28 15:31:22,533 【WARN】 (TestController.java:54)- warn log....
2018-09-28 15:31:22,687 【DEBUG】 (TestController.java:51)- debug log....
2018-09-28 15:31:22,687 【ERROR】 (TestController.java:52)- error log....
2018-09-28 15:31:22,688 【INFO】 (TestController.java:53)- info log....
2018-09-28 15:31:22,688 【WARN】 (TestController.java:54)- warn log....
2018-09-28 15:50:43,172 【INFO】 (StartupInfoLogger.java:50)- Starting SpringbootdemoApplication on DESKTOP-84E43K7 with PID 3028 (D:\workspaces\springbootdemo\target\classes started by admin in D:\workspaces\springbootdemo)
2018-09-28 15:50:43,182 【DEBUG】 (StartupInfoLogger.java:53)- Running with Spring Boot v2.0.5.RELEASE, Spring v5.0.9.RELEASE
2018-09-28 15:50:43,182 【INFO】 (SpringApplication.java:680)- No active profile set, falling back to default profiles: default
2018-09-28 15:50:45,722 【INFO】 (StartupInfoLogger.java:59)- Started SpringbootdemoApplication in 3.059 seconds (JVM running for 3.887)
2018-09-28 15:50:54,017 【DEBUG】 (TestController.java:51)- debug log....
2018-09-28 15:50:54,018 【ERROR】 (TestController.java:52)- error log....
2018-09-28 15:50:54,018 【INFO】 (TestController.java:53)- info log....
2018-09-28 15:50:54,018 【WARN】 (TestController.java:54)- warn log....
2018-09-28 15:50:54,270 【DEBUG】 (TestController.java:51)- debug log....
2018-09-28 15:50:54,271 【ERROR】 (TestController.java:52)- error log....
2018-09-28 15:50:54,271 【INFO】 (TestController.java:53)- info log....
2018-09-28 15:50:54,271 【WARN】 (TestController.java:54)- warn log....
2018-09-28 15:50:54,435 【DEBUG】 (TestController.java:51)- debug log....
2018-09-28 15:50:54,436 【ERROR】 (TestController.java:52)- error log....
2018-09-28 15:50:54,437 【INFO】 (TestController.java:53)- info log....
2018-09-28 15:50:54,437 【WARN】 (TestController.java:54)- warn log....
2018-09-28 15:50:54,595 【DEBUG】 (TestController.java:51)- debug log....
2018-09-28 15:50:54,596 【ERROR】 (TestController.java:52)- error log....
2018-09-28 15:50:54,596 【INFO】 (TestController.java:53)- info log....
2018-09-28 15:50:54,596 【WARN】 (TestController.java:54)- warn log....
2018-09-28 15:50:54,755 【DEBUG】 (TestController.java:51)- debug log....
2018-09-28 15:50:54,756 【ERROR】 (TestController.java:52)- error log....
2018-09-28 15:50:54,756 【INFO】 (TestController.java:53)- info log....
2018-09-28 15:50:54,756 【WARN】 (TestController.java:54)- warn log....
2018-09-28 15:50:54,922 【DEBUG】 (TestController.java:51)- debug log....
2018-09-28 15:50:54,923 【ERROR】 (TestController.java:52)- error log....
2018-09-28 15:50:54,924 【INFO】 (TestController.java:53)- info log....
2018-09-28 15:50:54,924 【WARN】 (TestController.java:54)- warn log....
2018-09-28 16:05:26,415 【INFO】 (StartupInfoLogger.java:50)- Starting SpringbootdemoApplicationTests on DESKTOP-84E43K7 with PID 8040 (started by admin in D:\workspaces\springbootdemo)
2018-09-28 16:05:26,415 【DEBUG】 (StartupInfoLogger.java:53)- Running with Spring Boot v2.0.5.RELEASE, Spring v5.0.9.RELEASE
2018-09-28 16:05:26,425 【INFO】 (SpringApplication.java:680)- No active profile set, falling back to default profiles: default
2018-09-28 16:05:29,159 【INFO】 (StartupInfoLogger.java:59)- Started SpringbootdemoApplicationTests in 3.407 seconds (JVM running for 4.321)
